  Tetris.cpp
C:\Users\kenza\source\repos\game3\game3\Common.h(29,105): warning C4305:  'initializing': truncation from 'double' to 'const float'
C:\Users\kenza\source\repos\game3\game3\Common.h(38,24): warning C4305:  'initializing': truncation from 'double' to 'float'
C:\Users\kenza\source\repos\game3\game3\Tetris.cpp(107,14): warning C4244:  'argument': conversion from 'double' to 'GLint', possible loss of data
C:\Users\kenza\source\repos\game3\game3\Tetris.cpp(110,14): warning C4244:  'argument': conversion from 'double' to 'GLint', possible loss of data
C:\Users\kenza\source\repos\game3\game3\Tetris.cpp(115,14): warning C4244:  'argument': conversion from 'double' to 'GLint', possible loss of data
C:\Users\kenza\source\repos\game3\game3\Tetris.cpp(118,14): warning C4244:  'argument': conversion from 'double' to 'GLint', possible loss of data
C:\Users\kenza\source\repos\game3\game3\Tetris.cpp(122,14): warning C4244:  'argument': conversion from 'double' to 'GLint', possible loss of data
C:\Users\kenza\source\repos\game3\game3\Tetris.cpp(125,14): warning C4244:  'argument': conversion from 'double' to 'GLint', possible loss of data
C:\Users\kenza\source\repos\game3\game3\Tetris.cpp(129,14): warning C4244:  'argument': conversion from 'double' to 'GLint', possible loss of data
C:\Users\kenza\source\repos\game3\game3\Tetris.cpp(132,14): warning C4244:  'argument': conversion from 'double' to 'GLint', possible loss of data
C:\Users\kenza\source\repos\game3\game3\Tetris.cpp(136,14): warning C4244:  'argument': conversion from 'double' to 'GLint', possible loss of data
C:\Users\kenza\source\repos\game3\game3\Tetris.cpp(139,14): warning C4244:  'argument': conversion from 'double' to 'GLint', possible loss of data
C:\Users\kenza\source\repos\game3\game3\Tetris.cpp(143,14): warning C4244:  'argument': conversion from 'double' to 'GLint', possible loss of data
C:\Users\kenza\source\repos\game3\game3\Tetris.cpp(146,14): warning C4244:  'argument': conversion from 'double' to 'GLint', possible loss of data
C:\Users\kenza\source\repos\game3\game3\Tetris.cpp(150,14): warning C4244:  'argument': conversion from 'double' to 'GLint', possible loss of data
C:\Users\kenza\source\repos\game3\game3\Tetris.cpp(153,14): warning C4244:  'argument': conversion from 'double' to 'GLint', possible loss of data
C:\Users\kenza\source\repos\game3\game3\Tetris.cpp(157,14): warning C4244:  'argument': conversion from 'double' to 'GLint', possible loss of data
C:\Users\kenza\source\repos\game3\game3\Tetris.cpp(160,14): warning C4244:  'argument': conversion from 'double' to 'GLint', possible loss of data
C:\Users\kenza\source\repos\game3\game3\Tetris.cpp(164,14): warning C4244:  'argument': conversion from 'double' to 'GLint', possible loss of data
C:\Users\kenza\source\repos\game3\game3\Tetris.cpp(167,14): warning C4244:  'argument': conversion from 'double' to 'GLint', possible loss of data
C:\Users\kenza\source\repos\game3\game3\Tetris.cpp(171,14): warning C4244:  'argument': conversion from 'double' to 'GLint', possible loss of data
C:\Users\kenza\source\repos\game3\game3\Tetris.cpp(174,14): warning C4244:  'argument': conversion from 'double' to 'GLint', possible loss of data
C:\Users\kenza\source\repos\game3\game3\Tetris.cpp(178,14): warning C4244:  'argument': conversion from 'double' to 'GLint', possible loss of data
C:\Users\kenza\source\repos\game3\game3\Tetris.cpp(181,14): warning C4244:  'argument': conversion from 'double' to 'GLint', possible loss of data
C:\Users\kenza\source\repos\game3\game3\Tetris.cpp(344,21): warning C4018:  '<': signed/unsigned mismatch
C:\Users\kenza\source\repos\game3\game3\Tetris.cpp(349,20): warning C4018:  '<': signed/unsigned mismatch
C:\Users\kenza\source\repos\game3\game3\Tetris.cpp(499,12): warning C4244:  'argument': conversion from 'time_t' to 'unsigned int', possible loss of data
  game3.vcxproj -> C:\Users\kenza\source\repos\game3\Debug\game3.exe
